2025-03-07 11:25:47.5098 | Info | Microsoft.Hosting.Lifetime | Now listening on: https://localhost:7090 
2025-03-07 11:25:47.5567 | Info | Microsoft.Hosting.Lifetime | Now listening on: http://localhost:5085 
2025-03-07 11:25:47.6289 | Info | Microsoft.Hosting.Lifetime | Application started. Press Ctrl+C to shut down. 
2025-03-07 11:25:47.6289 | Info | Microsoft.Hosting.Lifetime | Hosting environment: Development 
2025-03-07 11:25:47.6289 | Info | Microsoft.Hosting.Lifetime | Content root path: D:\clone\GreetingApp_2115001102\HelloGreetingApplication\ 
2025-03-07 11:25:48.5612 | Info | Microsoft.AspNetCore.Hosting.Diagnostics | Request starting HTTP/2 GET https://localhost:7090/swagger/index.html - - 
2025-03-07 11:25:48.9626 | Info | Microsoft.AspNetCore.Hosting.Diagnostics | Request finished HTTP/2 GET https://localhost:7090/swagger/index.html - - - 200 - text/html;charset=utf-8 405.5465ms 
2025-03-07 11:25:48.9626 | Info | Microsoft.AspNetCore.Hosting.Diagnostics | Request starting HTTP/2 GET https://localhost:7090/swagger/swagger-ui-standalone-preset.js - - 
2025-03-07 11:25:48.9626 | Info | Microsoft.AspNetCore.Hosting.Diagnostics | Request starting HTTP/2 GET https://localhost:7090/swagger/swagger-ui-bundle.js - - 
2025-03-07 11:25:48.9626 | Info | Microsoft.AspNetCore.Hosting.Diagnostics | Request starting HTTP/2 GET https://localhost:7090/swagger/index.css - - 
2025-03-07 11:25:48.9626 | Info | Microsoft.AspNetCore.Hosting.Diagnostics | Request starting HTTP/2 GET https://localhost:7090/swagger/swagger-ui.css - - 
2025-03-07 11:25:48.9626 | Info | Microsoft.AspNetCore.Hosting.Diagnostics | Request starting HTTP/2 GET https://localhost:7090/_vs/browserLink - - 
2025-03-07 11:25:48.9626 | Info | Microsoft.AspNetCore.Hosting.Diagnostics | Request starting HTTP/2 GET https://localhost:7090/swagger/index.js - - 
2025-03-07 11:25:48.9626 | Info | Microsoft.AspNetCore.Hosting.Diagnostics | Request starting HTTP/2 GET https://localhost:7090/_framework/aspnetcore-browser-refresh.js - - 
2025-03-07 11:25:48.9725 | Info | Microsoft.AspNetCore.Hosting.Diagnostics | Request finished HTTP/2 GET https://localhost:7090/swagger/index.js - - - 200 - application/javascript;charset=utf-8 5.2351ms 
2025-03-07 11:25:48.9910 | Info | Microsoft.AspNetCore.Hosting.Diagnostics | Request finished HTTP/2 GET https://localhost:7090/_framework/aspnetcore-browser-refresh.js - - - 200 12380 application/javascript;+charset=utf-8 23.5410ms 
2025-03-07 11:25:48.9910 | Info | Microsoft.AspNetCore.StaticFiles.StaticFileMiddleware | The file /swagger-ui.css was not modified 
2025-03-07 11:25:48.9910 | Info | Microsoft.AspNetCore.StaticFiles.StaticFileMiddleware | The file /swagger-ui-bundle.js was not modified 
2025-03-07 11:25:48.9910 | Info | Microsoft.AspNetCore.StaticFiles.StaticFileMiddleware | The file /index.css was not modified 
2025-03-07 11:25:48.9910 | Info | Microsoft.AspNetCore.StaticFiles.StaticFileMiddleware | The file /swagger-ui-standalone-preset.js was not modified 
2025-03-07 11:25:48.9910 | Info | Microsoft.AspNetCore.Hosting.Diagnostics | Request finished HTTP/2 GET https://localhost:7090/swagger/index.css - - - 304 - text/css 30.5817ms 
2025-03-07 11:25:48.9910 | Info | Microsoft.AspNetCore.Hosting.Diagnostics | Request finished HTTP/2 GET https://localhost:7090/swagger/swagger-ui-standalone-preset.js - - - 304 - application/javascript 30.6357ms 
2025-03-07 11:25:48.9910 | Info | Microsoft.AspNetCore.Hosting.Diagnostics | Request finished HTTP/2 GET https://localhost:7090/swagger/swagger-ui-bundle.js - - - 304 - application/javascript 30.5542ms 
2025-03-07 11:25:48.9910 | Info | Microsoft.AspNetCore.Hosting.Diagnostics | Request finished HTTP/2 GET https://localhost:7090/swagger/swagger-ui.css - - - 304 - text/css 30.5196ms 
2025-03-07 11:25:49.0720 | Info | Microsoft.AspNetCore.Hosting.Diagnostics | Request finished HTTP/2 GET https://localhost:7090/_vs/browserLink - - - 200 - text/javascript;+charset=UTF-8 104.6170ms 
2025-03-07 11:25:49.2483 | Info | Microsoft.AspNetCore.Hosting.Diagnostics | Request starting HTTP/2 GET https://localhost:7090/swagger/v1/swagger.json - - 
2025-03-07 11:25:49.2585 | Info | Microsoft.AspNetCore.Hosting.Diagnostics | Request finished HTTP/2 GET https://localhost:7090/swagger/v1/swagger.json - - - 200 - application/json;charset=utf-8 10.2035ms 
2025-03-07 11:25:56.0824 | Info | Microsoft.AspNetCore.Hosting.Diagnostics | Request starting HTTP/2 GET https://localhost:7090/HelloGreeting/TestException - - 
2025-03-07 11:25:56.0824 | Info | Microsoft.AspNetCore.Routing.EndpointMiddleware | Executing endpoint 'HelloGreetingApplication.Controllers.HelloGreetingController.TestException (HelloGreetingApplication)' 
2025-03-07 11:25:56.1026 | Info | Microsoft.AspNetCore.Mvc.Infrastructure.ControllerActionInvoker | Route matched with {action = "TestException", controller = "HelloGreeting"}. Executing controller action with signature Microsoft.AspNetCore.Mvc.IActionResult TestException() on controller HelloGreetingApplication.Controllers.HelloGreetingController (HelloGreetingApplication). 
2025-03-07 11:25:58.8319 | Info | HelloGreetingApplication.Controllers.HelloGreetingController | Logger has been integrated 
2025-03-07 11:26:17.9066 | Info | Microsoft.AspNetCore.Mvc.Infrastructure.ControllerActionInvoker | Executed action HelloGreetingApplication.Controllers.HelloGreetingController.TestException (HelloGreetingApplication) in 21797.6341ms 
2025-03-07 11:26:17.9066 | Info | Microsoft.AspNetCore.Routing.EndpointMiddleware | Executed endpoint 'HelloGreetingApplication.Controllers.HelloGreetingController.TestException (HelloGreetingApplication)' 
2025-03-07 11:26:17.9904 | Error | Middleware.ExceptionMiddleware.ExceptionMiddleware | Exception: System.Exception: This is a test exception from Middleware!
   at HelloGreetingApplication.Controllers.HelloGreetingController.TestException() in D:\clone\GreetingApp_2115001102\HelloGreetingApplication\Controllers\HelloGreetingController.cs:line 275
   at lambda_method2(Closure , Object , Object[] )
   at Microsoft.AspNetCore.Mvc.Infrastructure.ActionMethodExecutor.SyncActionResultExecutor.Execute(IActionResultTypeMapper mapper, ObjectMethodExecutor executor, Object controller, Object[] arguments)
   at Microsoft.AspNetCore.Mvc.Infrastructure.ControllerActionInvoker.InvokeActionMethodAsync()
   at Microsoft.AspNetCore.Mvc.Infrastructure.ControllerActionInvoker.Next(State& next, Scope& scope, Object& state, Boolean& isCompleted)
   at Microsoft.AspNetCore.Mvc.Infrastructure.ControllerActionInvoker.InvokeNextActionFilterAsync()
--- End of stack trace from previous location ---
   at Microsoft.AspNetCore.Mvc.Infrastructure.ControllerActionInvoker.Rethrow(ActionExecutedContextSealed context)
   at Microsoft.AspNetCore.Mvc.Infrastructure.ControllerActionInvoker.Next(State& next, Scope& scope, Object& state, Boolean& isCompleted)
   at Microsoft.AspNetCore.Mvc.Infrastructure.ControllerActionInvoker.InvokeInnerFilterAsync()
--- End of stack trace from previous location ---
   at Microsoft.AspNetCore.Mvc.Infrastructure.ResourceInvoker.<InvokeFilterPipelineAsync>g__Awaited|20_0(ResourceInvoker invoker, Task lastTask, State next, Scope scope, Object state, Boolean isCompleted)
   at Microsoft.AspNetCore.Mvc.Infrastructure.ResourceInvoker.<InvokeAsync>g__Logged|17_1(ResourceInvoker invoker)
   at Microsoft.AspNetCore.Mvc.Infrastructure.ResourceInvoker.<InvokeAsync>g__Logged|17_1(ResourceInvoker invoker)
   at Microsoft.AspNetCore.Routing.EndpointMiddleware.<Invoke>g__AwaitRequestTask|6_0(Endpoint endpoint, Task requestTask, ILogger logger)
   at Microsoft.AspNetCore.Authorization.AuthorizationMiddleware.Invoke(HttpContext context)
   at Middleware.ExceptionMiddleware.ExceptionMiddleware.InvokeAsync(HttpContext context) in D:\clone\GreetingApp_2115001102\Middleware\GlobalExceptionHandler\ExceptionMiddleware.cs:line 22 
2025-03-07 11:26:17.9996 | Info | Microsoft.AspNetCore.Hosting.Diagnostics | Request finished HTTP/2 GET https://localhost:7090/HelloGreeting/TestException - - - 500 - application/json 21919.4101ms 
2025-03-07 11:31:39.8508 | Info | Microsoft.AspNetCore.Hosting.Diagnostics | Request starting HTTP/2 GET https://localhost:7090/HelloGreeting/TestException - - 
2025-03-07 11:31:39.8715 | Info | Microsoft.AspNetCore.Routing.EndpointMiddleware | Executing endpoint 'HelloGreetingApplication.Controllers.HelloGreetingController.TestException (HelloGreetingApplication)' 
2025-03-07 11:31:39.8749 | Info | Microsoft.AspNetCore.Mvc.Infrastructure.ControllerActionInvoker | Route matched with {action = "TestException", controller = "HelloGreeting"}. Executing controller action with signature Microsoft.AspNetCore.Mvc.IActionResult TestException() on controller HelloGreetingApplication.Controllers.HelloGreetingController (HelloGreetingApplication). 
2025-03-07 11:31:39.8749 | Info | HelloGreetingApplication.Controllers.HelloGreetingController | Logger has been integrated 
2025-03-07 11:31:50.5750 | Info | Microsoft.AspNetCore.Mvc.Infrastructure.ControllerActionInvoker | Executed action HelloGreetingApplication.Controllers.HelloGreetingController.TestException (HelloGreetingApplication) in 10699.6334ms 
2025-03-07 11:31:50.5750 | Info | Microsoft.AspNetCore.Routing.EndpointMiddleware | Executed endpoint 'HelloGreetingApplication.Controllers.HelloGreetingController.TestException (HelloGreetingApplication)' 
2025-03-07 11:31:50.6017 | Error | Middleware.ExceptionMiddleware.ExceptionMiddleware | Exception: System.Exception: This is a test exception from Middleware!
   at HelloGreetingApplication.Controllers.HelloGreetingController.TestException() in D:\clone\GreetingApp_2115001102\HelloGreetingApplication\Controllers\HelloGreetingController.cs:line 275
   at lambda_method2(Closure , Object , Object[] )
   at Microsoft.AspNetCore.Mvc.Infrastructure.ActionMethodExecutor.SyncActionResultExecutor.Execute(IActionResultTypeMapper mapper, ObjectMethodExecutor executor, Object controller, Object[] arguments)
   at Microsoft.AspNetCore.Mvc.Infrastructure.ControllerActionInvoker.InvokeActionMethodAsync()
   at Microsoft.AspNetCore.Mvc.Infrastructure.ControllerActionInvoker.Next(State& next, Scope& scope, Object& state, Boolean& isCompleted)
   at Microsoft.AspNetCore.Mvc.Infrastructure.ControllerActionInvoker.InvokeNextActionFilterAsync()
--- End of stack trace from previous location ---
   at Microsoft.AspNetCore.Mvc.Infrastructure.ControllerActionInvoker.Rethrow(ActionExecutedContextSealed context)
   at Microsoft.AspNetCore.Mvc.Infrastructure.ControllerActionInvoker.Next(State& next, Scope& scope, Object& state, Boolean& isCompleted)
   at Microsoft.AspNetCore.Mvc.Infrastructure.ControllerActionInvoker.InvokeInnerFilterAsync()
--- End of stack trace from previous location ---
   at Microsoft.AspNetCore.Mvc.Infrastructure.ResourceInvoker.<InvokeFilterPipelineAsync>g__Awaited|20_0(ResourceInvoker invoker, Task lastTask, State next, Scope scope, Object state, Boolean isCompleted)
   at Microsoft.AspNetCore.Mvc.Infrastructure.ResourceInvoker.<InvokeAsync>g__Logged|17_1(ResourceInvoker invoker)
   at Microsoft.AspNetCore.Mvc.Infrastructure.ResourceInvoker.<InvokeAsync>g__Logged|17_1(ResourceInvoker invoker)
   at Microsoft.AspNetCore.Routing.EndpointMiddleware.<Invoke>g__AwaitRequestTask|6_0(Endpoint endpoint, Task requestTask, ILogger logger)
   at Microsoft.AspNetCore.Authorization.AuthorizationMiddleware.Invoke(HttpContext context)
   at Middleware.ExceptionMiddleware.ExceptionMiddleware.InvokeAsync(HttpContext context) in D:\clone\GreetingApp_2115001102\Middleware\GlobalExceptionHandler\ExceptionMiddleware.cs:line 22 
2025-03-07 11:31:50.6017 | Info | Microsoft.AspNetCore.Hosting.Diagnostics | Request finished HTTP/2 GET https://localhost:7090/HelloGreeting/TestException - - - 500 - application/json 10752.2043ms 
2025-03-07 11:35:07.3650 | Info | Microsoft.AspNetCore.Hosting.Diagnostics | Request starting HTTP/2 DELETE https://localhost:7090/HelloGreeting/DeleteGreeting/10 - - 
2025-03-07 11:35:07.3650 | Info | Microsoft.AspNetCore.Routing.EndpointMiddleware | Executing endpoint 'HelloGreetingApplication.Controllers.HelloGreetingController.DeleteGreeting (HelloGreetingApplication)' 
2025-03-07 11:35:07.4146 | Info | Microsoft.AspNetCore.Mvc.Infrastructure.ControllerActionInvoker | Route matched with {action = "DeleteGreeting", controller = "HelloGreeting"}. Executing controller action with signature Microsoft.AspNetCore.Mvc.IActionResult DeleteGreeting(Int32) on controller HelloGreetingApplication.Controllers.HelloGreetingController (HelloGreetingApplication). 
2025-03-07 11:35:07.4146 | Info | HelloGreetingApplication.Controllers.HelloGreetingController | Logger has been integrated 
2025-03-07 11:35:08.3846 | Info | Microsoft.EntityFrameworkCore.Infrastructure | Entity Framework Core 6.0.36 initialized 'GreetingContext' using provider 'Microsoft.EntityFrameworkCore.SqlServer:6.0.36' with options: None 
2025-03-07 11:35:12.4936 | Info | Microsoft.EntityFrameworkCore.Database.Command | Executed DbCommand (151ms) [Parameters=[@__id_0='?' (DbType = Int32)], CommandType='Text', CommandTimeout='30']
SELECT TOP(1) [g].[id], [g].[Greeting]
FROM [GreetMessages] AS [g]
WHERE [g].[id] = @__id_0 
2025-03-07 11:35:12.5352 | Info | Microsoft.AspNetCore.Mvc.Infrastructure.ObjectResultExecutor | Executing NotFoundObjectResult, writing value of type 'ModelLayer.Model.ResponseModel`1[[System.String, System.Private.CoreLib, Version=6.0.0.0, Culture=neutral, PublicKeyToken=7cec85d7bea7798e]]'. 
2025-03-07 11:35:12.5388 | Info | Microsoft.AspNetCore.Mvc.Infrastructure.ControllerActionInvoker | Executed action HelloGreetingApplication.Controllers.HelloGreetingController.DeleteGreeting (HelloGreetingApplication) in 5123.6666ms 
2025-03-07 11:35:12.5388 | Info | Microsoft.AspNetCore.Routing.EndpointMiddleware | Executed endpoint 'HelloGreetingApplication.Controllers.HelloGreetingController.DeleteGreeting (HelloGreetingApplication)' 
2025-03-07 11:35:12.5672 | Info | Microsoft.AspNetCore.Hosting.Diagnostics | Request finished HTTP/2 DELETE https://localhost:7090/HelloGreeting/DeleteGreeting/10 - - - 404 - application/json;+charset=utf-8 5202.2773ms 
2025-03-07 11:39:08.9050 | Info | Microsoft.AspNetCore.Hosting.Diagnostics | Request starting HTTP/2 PUT https://localhost:7090/HelloGreeting/EditGreeting/0 application/json 41 
2025-03-07 11:39:08.9064 | Info | Microsoft.AspNetCore.Routing.EndpointMiddleware | Executing endpoint 'HelloGreetingApplication.Controllers.HelloGreetingController.EditGreeting (HelloGreetingApplication)' 
2025-03-07 11:39:08.9064 | Info | Microsoft.AspNetCore.Mvc.Infrastructure.ControllerActionInvoker | Route matched with {action = "EditGreeting", controller = "HelloGreeting"}. Executing controller action with signature Microsoft.AspNetCore.Mvc.IActionResult EditGreeting(Int32, ModelLayer.Model.GreetingModel) on controller HelloGreetingApplication.Controllers.HelloGreetingController (HelloGreetingApplication). 
2025-03-07 11:39:08.9064 | Info | HelloGreetingApplication.Controllers.HelloGreetingController | Logger has been integrated 
2025-03-07 11:39:08.9798 | Info | Microsoft.EntityFrameworkCore.Infrastructure | Entity Framework Core 6.0.36 initialized 'GreetingContext' using provider 'Microsoft.EntityFrameworkCore.SqlServer:6.0.36' with options: None 
2025-03-07 11:39:09.0079 | Info | Microsoft.EntityFrameworkCore.Database.Command | Executed DbCommand (17ms) [Parameters=[@__id_0='?' (DbType = Int32)], CommandType='Text', CommandTimeout='30']
SELECT TOP(1) [g].[id], [g].[Greeting]
FROM [GreetMessages] AS [g]
WHERE [g].[id] = @__id_0 
2025-03-07 11:39:09.0079 | Info | Microsoft.AspNetCore.Mvc.Infrastructure.ObjectResultExecutor | Executing NotFoundObjectResult, writing value of type 'ModelLayer.Model.ResponseModel`1[[ModelLayer.Model.GreetingModel, ModelLayer, Version=1.0.0.0, Culture=neutral, PublicKeyToken=null]]'. 
2025-03-07 11:39:09.0079 | Info | Microsoft.AspNetCore.Mvc.Infrastructure.ControllerActionInvoker | Executed action HelloGreetingApplication.Controllers.HelloGreetingController.EditGreeting (HelloGreetingApplication) in 90.1753ms 
2025-03-07 11:39:09.0079 | Info | Microsoft.AspNetCore.Routing.EndpointMiddleware | Executed endpoint 'HelloGreetingApplication.Controllers.HelloGreetingController.EditGreeting (HelloGreetingApplication)' 
2025-03-07 11:39:09.0079 | Info | Microsoft.AspNetCore.Hosting.Diagnostics | Request finished HTTP/2 PUT https://localhost:7090/HelloGreeting/EditGreeting/0 application/json 41 - 404 - application/json;+charset=utf-8 107.1235ms 
2025-03-07 11:44:19.0442 | Info | Microsoft.Hosting.Lifetime | Now listening on: https://localhost:7090 
2025-03-07 11:44:19.1798 | Info | Microsoft.Hosting.Lifetime | Now listening on: http://localhost:5085 
2025-03-07 11:44:19.3599 | Info | Microsoft.Hosting.Lifetime | Application started. Press Ctrl+C to shut down. 
2025-03-07 11:44:19.3599 | Info | Microsoft.Hosting.Lifetime | Hosting environment: Development 
2025-03-07 11:44:19.3769 | Info | Microsoft.Hosting.Lifetime | Content root path: D:\clone\GreetingApp_2115001102\HelloGreetingApplication\ 
2025-03-07 11:44:19.7669 | Info | Microsoft.AspNetCore.Hosting.Diagnostics | Request starting HTTP/2 GET https://localhost:7090/swagger/index.html - - 
2025-03-07 11:44:20.6985 | Info | Microsoft.AspNetCore.Hosting.Diagnostics | Request finished HTTP/2 GET https://localhost:7090/swagger/index.html - - - 200 - text/html;charset=utf-8 940.7267ms 
2025-03-07 11:44:20.7362 | Info | Microsoft.AspNetCore.Hosting.Diagnostics | Request starting HTTP/2 GET https://localhost:7090/_framework/aspnetcore-browser-refresh.js - - 
2025-03-07 11:44:20.7362 | Info | Microsoft.AspNetCore.Hosting.Diagnostics | Request starting HTTP/2 GET https://localhost:7090/swagger/index.js - - 
2025-03-07 11:44:20.7362 | Info | Microsoft.AspNetCore.Hosting.Diagnostics | Request starting HTTP/2 GET https://localhost:7090/_vs/browserLink - - 
2025-03-07 11:44:20.7733 | Info | Microsoft.AspNetCore.Hosting.Diagnostics | Request finished HTTP/2 GET https://localhost:7090/swagger/index.js - - - 200 - application/javascript;charset=utf-8 37.2736ms 
2025-03-07 11:44:20.7858 | Info | Microsoft.AspNetCore.Hosting.Diagnostics | Request finished HTTP/2 GET https://localhost:7090/_framework/aspnetcore-browser-refresh.js - - - 200 12380 application/javascript;+charset=utf-8 49.7059ms 
2025-03-07 11:44:20.9892 | Info | Microsoft.AspNetCore.Hosting.Diagnostics | Request finished HTTP/2 GET https://localhost:7090/_vs/browserLink - - - 200 - text/javascript;+charset=UTF-8 251.1770ms 
2025-03-07 11:44:21.3655 | Info | Microsoft.AspNetCore.Hosting.Diagnostics | Request starting HTTP/2 GET https://localhost:7090/swagger/v1/swagger.json - - 
2025-03-07 11:44:21.3832 | Info | Microsoft.AspNetCore.Hosting.Diagnostics | Request finished HTTP/2 GET https://localhost:7090/swagger/v1/swagger.json - - - 200 - application/json;charset=utf-8 17.6317ms 
2025-03-07 11:44:56.1167 | Info | Microsoft.AspNetCore.Hosting.Diagnostics | Request starting HTTP/2 DELETE https://localhost:7090/HelloGreeting/DeleteGreeting/7 - - 
2025-03-07 11:44:56.1383 | Info | Middleware.ExceptionMiddleware.RequestLoggerMiddleware | Request: DELETE /HelloGreeting/DeleteGreeting/7 
2025-03-07 11:44:56.1537 | Info | Microsoft.AspNetCore.Routing.EndpointMiddleware | Executing endpoint 'HelloGreetingApplication.Controllers.HelloGreetingController.DeleteGreeting (HelloGreetingApplication)' 
2025-03-07 11:44:56.2144 | Info | Microsoft.AspNetCore.Mvc.Infrastructure.ControllerActionInvoker | Route matched with {action = "DeleteGreeting", controller = "HelloGreeting"}. Executing controller action with signature Microsoft.AspNetCore.Mvc.IActionResult DeleteGreeting(Int32) on controller HelloGreetingApplication.Controllers.HelloGreetingController (HelloGreetingApplication). 
2025-03-07 11:44:59.2957 | Info | HelloGreetingApplication.Controllers.HelloGreetingController | Logger has been integrated 
2025-03-07 11:45:01.3806 | Info | Microsoft.EntityFrameworkCore.Infrastructure | Entity Framework Core 6.0.36 initialized 'GreetingContext' using provider 'Microsoft.EntityFrameworkCore.SqlServer:6.0.36' with options: None 
2025-03-07 11:45:06.4136 | Info | Microsoft.EntityFrameworkCore.Database.Command | Executed DbCommand (231ms) [Parameters=[@__id_0='?' (DbType = Int32)], CommandType='Text', CommandTimeout='30']
SELECT TOP(1) [g].[id], [g].[Greeting]
FROM [GreetMessages] AS [g]
WHERE [g].[id] = @__id_0 
2025-03-07 11:45:06.5225 | Info | Microsoft.AspNetCore.Mvc.Infrastructure.ObjectResultExecutor | Executing NotFoundObjectResult, writing value of type 'ModelLayer.Model.ResponseModel`1[[System.String, System.Private.CoreLib, Version=6.0.0.0, Culture=neutral, PublicKeyToken=7cec85d7bea7798e]]'. 
2025-03-07 11:45:06.5225 | Info | Microsoft.AspNetCore.Mvc.Infrastructure.ControllerActionInvoker | Executed action HelloGreetingApplication.Controllers.HelloGreetingController.DeleteGreeting (HelloGreetingApplication) in 10313.8123ms 
2025-03-07 11:45:06.5225 | Info | Microsoft.AspNetCore.Routing.EndpointMiddleware | Executed endpoint 'HelloGreetingApplication.Controllers.HelloGreetingController.DeleteGreeting (HelloGreetingApplication)' 
2025-03-07 11:45:06.5225 | Info | Middleware.ExceptionMiddleware.RequestLoggerMiddleware | Response: 404 
2025-03-07 11:45:06.5912 | Info | Microsoft.AspNetCore.Hosting.Diagnostics | Request finished HTTP/2 DELETE https://localhost:7090/HelloGreeting/DeleteGreeting/7 - - - 404 - application/json;+charset=utf-8 10474.4616ms 
2025-03-07 11:45:51.7741 | Info | Microsoft.AspNetCore.Hosting.Diagnostics | Request starting HTTP/2 DELETE https://localhost:7090/HelloGreeting/DeleteGreeting/1 - - 
2025-03-07 11:45:51.8006 | Info | Middleware.ExceptionMiddleware.RequestLoggerMiddleware | Request: DELETE /HelloGreeting/DeleteGreeting/1 
2025-03-07 11:45:51.8006 | Info | Microsoft.AspNetCore.Routing.EndpointMiddleware | Executing endpoint 'HelloGreetingApplication.Controllers.HelloGreetingController.DeleteGreeting (HelloGreetingApplication)' 
2025-03-07 11:45:51.8006 | Info | Microsoft.AspNetCore.Mvc.Infrastructure.ControllerActionInvoker | Route matched with {action = "DeleteGreeting", controller = "HelloGreeting"}. Executing controller action with signature Microsoft.AspNetCore.Mvc.IActionResult DeleteGreeting(Int32) on controller HelloGreetingApplication.Controllers.HelloGreetingController (HelloGreetingApplication). 
2025-03-07 11:45:51.8006 | Info | HelloGreetingApplication.Controllers.HelloGreetingController | Logger has been integrated 
2025-03-07 11:45:51.8006 | Info | Microsoft.EntityFrameworkCore.Infrastructure | Entity Framework Core 6.0.36 initialized 'GreetingContext' using provider 'Microsoft.EntityFrameworkCore.SqlServer:6.0.36' with options: None 
2025-03-07 11:45:51.8558 | Info | Microsoft.EntityFrameworkCore.Database.Command | Executed DbCommand (14ms) [Parameters=[@__id_0='?' (DbType = Int32)], CommandType='Text', CommandTimeout='30']
SELECT TOP(1) [g].[id], [g].[Greeting]
FROM [GreetMessages] AS [g]
WHERE [g].[id] = @__id_0 
2025-03-07 11:45:52.4271 | Info | Microsoft.EntityFrameworkCore.Database.Command | Executed DbCommand (6ms) [Parameters=[@p0='?' (DbType = Int32)], CommandType='Text', CommandTimeout='30']
SET NOCOUNT ON;
DELETE FROM [GreetMessages]
WHERE [id] = @p0;
SELECT @@ROWCOUNT; 
2025-03-07 11:45:52.5075 | Info | Microsoft.AspNetCore.Mvc.Infrastructure.ObjectResultExecutor | Executing OkObjectResult, writing value of type 'ModelLayer.Model.ResponseModel`1[[System.String, System.Private.CoreLib, Version=6.0.0.0, Culture=neutral, PublicKeyToken=7cec85d7bea7798e]]'. 
2025-03-07 11:45:52.5090 | Info | Microsoft.AspNetCore.Mvc.Infrastructure.ControllerActionInvoker | Executed action HelloGreetingApplication.Controllers.HelloGreetingController.DeleteGreeting (HelloGreetingApplication) in 706.2508ms 
2025-03-07 11:45:52.5090 | Info | Microsoft.AspNetCore.Routing.EndpointMiddleware | Executed endpoint 'HelloGreetingApplication.Controllers.HelloGreetingController.DeleteGreeting (HelloGreetingApplication)' 
2025-03-07 11:45:52.5090 | Info | Middleware.ExceptionMiddleware.RequestLoggerMiddleware | Response: 200 
2025-03-07 11:45:52.5090 | Info | Microsoft.AspNetCore.Hosting.Diagnostics | Request finished HTTP/2 DELETE https://localhost:7090/HelloGreeting/DeleteGreeting/1 - - - 200 - application/json;+charset=utf-8 736.8521ms 
2025-03-07 11:56:31.0916 | Info | Microsoft.Hosting.Lifetime | Now listening on: https://localhost:7090 
2025-03-07 11:56:31.1541 | Info | Microsoft.Hosting.Lifetime | Now listening on: http://localhost:5085 
2025-03-07 11:56:31.2258 | Info | Microsoft.Hosting.Lifetime | Application started. Press Ctrl+C to shut down. 
2025-03-07 11:56:31.2258 | Info | Microsoft.Hosting.Lifetime | Hosting environment: Development 
2025-03-07 11:56:31.2258 | Info | Microsoft.Hosting.Lifetime | Content root path: D:\clone\GreetingApp_2115001102\HelloGreetingApplication\ 
2025-03-07 11:56:31.6508 | Info | Microsoft.AspNetCore.Hosting.Diagnostics | Request starting HTTP/2 GET https://localhost:7090/swagger/index.html - - 
2025-03-07 11:56:32.0571 | Info | Microsoft.AspNetCore.Hosting.Diagnostics | Request finished HTTP/2 GET https://localhost:7090/swagger/index.html - - - 200 - text/html;charset=utf-8 411.6313ms 
2025-03-07 11:56:32.0759 | Info | Microsoft.AspNetCore.Hosting.Diagnostics | Request starting HTTP/2 GET https://localhost:7090/swagger/index.js - - 
2025-03-07 11:56:32.0759 | Info | Microsoft.AspNetCore.Hosting.Diagnostics | Request starting HTTP/2 GET https://localhost:7090/_framework/aspnetcore-browser-refresh.js - - 
2025-03-07 11:56:32.0759 | Info | Microsoft.AspNetCore.Hosting.Diagnostics | Request starting HTTP/2 GET https://localhost:7090/_vs/browserLink - - 
2025-03-07 11:56:32.0785 | Info | Microsoft.AspNetCore.Hosting.Diagnostics | Request finished HTTP/2 GET https://localhost:7090/swagger/index.js - - - 200 - application/javascript;charset=utf-8 2.5726ms 
2025-03-07 11:56:32.0785 | Info | Microsoft.AspNetCore.Hosting.Diagnostics | Request finished HTTP/2 GET https://localhost:7090/_framework/aspnetcore-browser-refresh.js - - - 200 12380 application/javascript;+charset=utf-8 8.9798ms 
2025-03-07 11:56:32.1765 | Info | Microsoft.AspNetCore.Hosting.Diagnostics | Request finished HTTP/2 GET https://localhost:7090/_vs/browserLink - - - 200 - text/javascript;+charset=UTF-8 100.1481ms 
2025-03-07 11:56:32.3224 | Info | Microsoft.AspNetCore.Hosting.Diagnostics | Request starting HTTP/2 GET https://localhost:7090/swagger/v1/swagger.json - - 
2025-03-07 11:56:32.3312 | Info | Microsoft.AspNetCore.Hosting.Diagnostics | Request finished HTTP/2 GET https://localhost:7090/swagger/v1/swagger.json - - - 200 - application/json;charset=utf-8 8.9406ms 
2025-03-07 11:57:04.2710 | Info | Microsoft.AspNetCore.Hosting.Diagnostics | Request starting HTTP/2 POST https://localhost:7090/HelloGreeting/PostGreet application/json 51 
2025-03-07 11:57:04.2933 | Info | Middleware.ExceptionMiddleware.RequestLoggerMiddleware | Request: POST /HelloGreeting/PostGreet 
2025-03-07 11:57:04.2995 | Info | Microsoft.AspNetCore.Routing.EndpointMiddleware | Executing endpoint 'HelloGreetingApplication.Controllers.HelloGreetingController.PostGreeting (HelloGreetingApplication)' 
2025-03-07 11:57:04.2995 | Info | Microsoft.AspNetCore.Mvc.Infrastructure.ControllerActionInvoker | Route matched with {action = "PostGreeting", controller = "HelloGreeting"}. Executing controller action with signature Microsoft.AspNetCore.Mvc.IActionResult PostGreeting(ModelLayer.Model.UserModel) on controller HelloGreetingApplication.Controllers.HelloGreetingController (HelloGreetingApplication). 
2025-03-07 11:57:04.5721 | Info | HelloGreetingApplication.Controllers.HelloGreetingController | Logger has been integrated 
2025-03-07 11:57:04.6130 | Info | RepositoryLayer.Services.GreetingRL | Generated Greeting: Hello Vedant string 
2025-03-07 11:57:04.6130 | Info | Microsoft.AspNetCore.Mvc.Infrastructure.ObjectResultExecutor | Executing OkObjectResult, writing value of type 'ModelLayer.Model.ResponseModel`1[[System.String, System.Private.CoreLib, Version=6.0.0.0, Culture=neutral, PublicKeyToken=7cec85d7bea7798e]]'. 
2025-03-07 11:57:04.6427 | Info | Microsoft.AspNetCore.Mvc.Infrastructure.ControllerActionInvoker | Executed action HelloGreetingApplication.Controllers.HelloGreetingController.PostGreeting (HelloGreetingApplication) in 300.422ms 
2025-03-07 11:57:04.6427 | Info | Microsoft.AspNetCore.Routing.EndpointMiddleware | Executed endpoint 'HelloGreetingApplication.Controllers.HelloGreetingController.PostGreeting (HelloGreetingApplication)' 
2025-03-07 11:57:04.6427 | Info | Middleware.ExceptionMiddleware.RequestLoggerMiddleware | Response: 200 
2025-03-07 11:57:04.6427 | Info | Microsoft.AspNetCore.Hosting.Diagnostics | Request finished HTTP/2 POST https://localhost:7090/HelloGreeting/PostGreet application/json 51 - 200 - application/json;+charset=utf-8 377.5482ms 
