2025-03-05 11:24:21.8041 | Info | Microsoft.Hosting.Lifetime | Now listening on: https://localhost:7090 
2025-03-05 11:24:21.9265 | Info | Microsoft.Hosting.Lifetime | Now listening on: http://localhost:5085 
2025-03-05 11:24:22.0596 | Info | Microsoft.Hosting.Lifetime | Application started. Press Ctrl+C to shut down. 
2025-03-05 11:24:22.0596 | Info | Microsoft.Hosting.Lifetime | Hosting environment: Development 
2025-03-05 11:24:22.0596 | Info | Microsoft.Hosting.Lifetime | Content root path: D:\clone\GreetingApp_2115001102\HelloGreetingApplication\ 
2025-03-05 11:24:22.4399 | Info | Microsoft.AspNetCore.Hosting.Diagnostics | Request starting HTTP/2 GET https://localhost:7090/swagger/index.html - - 
2025-03-05 11:24:23.1980 | Info | Microsoft.AspNetCore.Hosting.Diagnostics | Request starting HTTP/2 GET https://localhost:7090/_framework/aspnetcore-browser-refresh.js - - 
2025-03-05 11:24:23.1980 | Info | Microsoft.AspNetCore.Hosting.Diagnostics | Request starting HTTP/2 GET https://localhost:7090/swagger/swagger-ui-bundle.js - - 
2025-03-05 11:24:23.1980 | Info | Microsoft.AspNetCore.Hosting.Diagnostics | Request starting HTTP/2 GET https://localhost:7090/swagger/index.css - - 
2025-03-05 11:24:23.1980 | Info | Microsoft.AspNetCore.Hosting.Diagnostics | Request starting HTTP/2 GET https://localhost:7090/swagger/swagger-ui.css - - 
2025-03-05 11:24:23.2033 | Info | Microsoft.AspNetCore.Hosting.Diagnostics | Request starting HTTP/2 GET https://localhost:7090/swagger/swagger-ui-standalone-preset.js - - 
2025-03-05 11:24:23.1980 | Info | Microsoft.AspNetCore.Hosting.Diagnostics | Request finished HTTP/2 GET https://localhost:7090/swagger/index.html - - - 200 - text/html;charset=utf-8 766.3643ms 
2025-03-05 11:24:23.2033 | Info | Microsoft.AspNetCore.Hosting.Diagnostics | Request starting HTTP/2 GET https://localhost:7090/swagger/index.js - - 
2025-03-05 11:24:23.2033 | Info | Microsoft.AspNetCore.Hosting.Diagnostics | Request starting HTTP/2 GET https://localhost:7090/_vs/browserLink - - 
2025-03-05 11:24:23.2213 | Info | Microsoft.AspNetCore.Hosting.Diagnostics | Request finished HTTP/2 GET https://localhost:7090/swagger/index.js - - - 200 - application/javascript;charset=utf-8 7.1214ms 
2025-03-05 11:24:23.2830 | Info | Microsoft.AspNetCore.Hosting.Diagnostics | Request finished HTTP/2 GET https://localhost:7090/_framework/aspnetcore-browser-refresh.js - - - 200 12380 application/javascript;+charset=utf-8 81.1144ms 
2025-03-05 11:24:23.2830 | Info | Microsoft.AspNetCore.StaticFiles.StaticFileMiddleware | The file /index.css was not modified 
2025-03-05 11:24:23.2830 | Info | Microsoft.AspNetCore.StaticFiles.StaticFileMiddleware | The file /swagger-ui.css was not modified 
2025-03-05 11:24:23.2830 | Info | Microsoft.AspNetCore.StaticFiles.StaticFileMiddleware | The file /swagger-ui-standalone-preset.js was not modified 
2025-03-05 11:24:23.2830 | Info | Microsoft.AspNetCore.StaticFiles.StaticFileMiddleware | The file /swagger-ui-bundle.js was not modified 
2025-03-05 11:24:23.2830 | Info | Microsoft.AspNetCore.Hosting.Diagnostics | Request finished HTTP/2 GET https://localhost:7090/swagger/swagger-ui-standalone-preset.js - - - 304 - application/javascript 85.1011ms 
2025-03-05 11:24:23.2830 | Info | Microsoft.AspNetCore.Hosting.Diagnostics | Request finished HTTP/2 GET https://localhost:7090/swagger/swagger-ui.css - - - 304 - text/css 86.7314ms 
2025-03-05 11:24:23.2830 | Info | Microsoft.AspNetCore.Hosting.Diagnostics | Request finished HTTP/2 GET https://localhost:7090/swagger/swagger-ui-bundle.js - - - 304 - application/javascript 87.0608ms 
2025-03-05 11:24:23.2830 | Info | Microsoft.AspNetCore.Hosting.Diagnostics | Request finished HTTP/2 GET https://localhost:7090/swagger/index.css - - - 304 - text/css 87.0673ms 
2025-03-05 11:24:23.4713 | Info | Microsoft.AspNetCore.Hosting.Diagnostics | Request finished HTTP/2 GET https://localhost:7090/_vs/browserLink - - - 200 - text/javascript;+charset=UTF-8 255.7640ms 
2025-03-05 11:24:23.5909 | Info | Microsoft.AspNetCore.Hosting.Diagnostics | Request starting HTTP/2 GET https://localhost:7090/swagger/v1/swagger.json - - 
2025-03-05 11:24:23.6080 | Info | Microsoft.AspNetCore.Hosting.Diagnostics | Request finished HTTP/2 GET https://localhost:7090/swagger/v1/swagger.json - - - 200 - application/json;charset=utf-8 17.0525ms 
2025-03-05 11:29:30.3006 | Info | Microsoft.AspNetCore.Hosting.Diagnostics | Request starting HTTP/2 GET https://localhost:7090/HelloGreeting/GetAllGreetings - - 
2025-03-05 11:29:30.3343 | Info | Microsoft.AspNetCore.Routing.EndpointMiddleware | Executing endpoint 'HelloGreetingApplication.Controllers.HelloGreetingController.GetAllGreetings (HelloGreetingApplication)' 
2025-03-05 11:29:30.3715 | Info | Microsoft.AspNetCore.Mvc.Infrastructure.ControllerActionInvoker | Route matched with {action = "GetAllGreetings", controller = "HelloGreeting"}. Executing controller action with signature Microsoft.AspNetCore.Mvc.IActionResult GetAllGreetings() on controller HelloGreetingApplication.Controllers.HelloGreetingController (HelloGreetingApplication). 
2025-03-05 11:29:34.0113 | Info | HelloGreetingApplication.Controllers.HelloGreetingController | Logger has been integrated 
2025-03-05 11:29:36.1629 | Info | Microsoft.EntityFrameworkCore.Infrastructure | Entity Framework Core 6.0.36 initialized 'GreetingContext' using provider 'Microsoft.EntityFrameworkCore.SqlServer:6.0.36' with options: None 
2025-03-05 11:29:40.8246 | Info | Microsoft.EntityFrameworkCore.Database.Command | Executed DbCommand (120ms) [Parameters=[], CommandType='Text', CommandTimeout='30']
SELECT [g].[id], [g].[Greeting]
FROM [GreetMessages] AS [g] 
2025-03-05 11:29:41.0858 | Info | Microsoft.AspNetCore.Mvc.Infrastructure.ObjectResultExecutor | Executing OkObjectResult, writing value of type 'ModelLayer.Model.ResponseModel`1[[System.Collections.Generic.List`1[[ModelLayer.Model.GreetingModel, ModelLayer, Version=1.0.0.0, Culture=neutral, PublicKeyToken=null]], System.Private.CoreLib, Version=6.0.0.0, Culture=neutral, PublicKeyToken=7cec85d7bea7798e]]'. 
2025-03-05 11:29:41.1138 | Info | Microsoft.AspNetCore.Mvc.Infrastructure.ControllerActionInvoker | Executed action HelloGreetingApplication.Controllers.HelloGreetingController.GetAllGreetings (HelloGreetingApplication) in 10723.9565ms 
2025-03-05 11:29:41.1138 | Info | Microsoft.AspNetCore.Routing.EndpointMiddleware | Executed endpoint 'HelloGreetingApplication.Controllers.HelloGreetingController.GetAllGreetings (HelloGreetingApplication)' 
2025-03-05 11:29:41.1449 | Info | Microsoft.AspNetCore.Hosting.Diagnostics | Request finished HTTP/2 GET https://localhost:7090/HelloGreeting/GetAllGreetings - - - 200 - application/json;+charset=utf-8 10844.3624ms 
2025-03-05 14:38:16.4589 | Info | Microsoft.Hosting.Lifetime | Now listening on: https://localhost:7090 
2025-03-05 14:38:16.5016 | Info | Microsoft.Hosting.Lifetime | Now listening on: http://localhost:5085 
2025-03-05 14:38:16.5600 | Info | Microsoft.Hosting.Lifetime | Application started. Press Ctrl+C to shut down. 
2025-03-05 14:38:16.5600 | Info | Microsoft.Hosting.Lifetime | Hosting environment: Development 
2025-03-05 14:38:16.5600 | Info | Microsoft.Hosting.Lifetime | Content root path: D:\clone\GreetingApp_2115001102\HelloGreetingApplication\ 
2025-03-05 14:38:17.1937 | Info | Microsoft.AspNetCore.Hosting.Diagnostics | Request starting HTTP/2 GET https://localhost:7090/swagger/index.html - - 
2025-03-05 14:38:17.6311 | Info | Microsoft.AspNetCore.Hosting.Diagnostics | Request finished HTTP/2 GET https://localhost:7090/swagger/index.html - - - 200 - text/html;charset=utf-8 439.7592ms 
2025-03-05 14:38:17.6529 | Info | Microsoft.AspNetCore.Hosting.Diagnostics | Request starting HTTP/2 GET https://localhost:7090/_framework/aspnetcore-browser-refresh.js - - 
2025-03-05 14:38:17.6576 | Info | Microsoft.AspNetCore.Hosting.Diagnostics | Request starting HTTP/2 GET https://localhost:7090/swagger/index.js - - 
2025-03-05 14:38:17.6576 | Info | Microsoft.AspNetCore.Hosting.Diagnostics | Request starting HTTP/2 GET https://localhost:7090/_vs/browserLink - - 
2025-03-05 14:38:17.6576 | Info | Microsoft.AspNetCore.Hosting.Diagnostics | Request finished HTTP/2 GET https://localhost:7090/swagger/index.js - - - 200 - application/javascript;charset=utf-8 2.1850ms 
2025-03-05 14:38:17.6576 | Info | Microsoft.AspNetCore.Hosting.Diagnostics | Request finished HTTP/2 GET https://localhost:7090/_framework/aspnetcore-browser-refresh.js - - - 200 12380 application/javascript;+charset=utf-8 15.2753ms 
2025-03-05 14:38:17.7552 | Info | Microsoft.AspNetCore.Hosting.Diagnostics | Request finished HTTP/2 GET https://localhost:7090/_vs/browserLink - - - 200 - text/javascript;+charset=UTF-8 97.5871ms 
2025-03-05 14:38:17.8660 | Info | Microsoft.AspNetCore.Hosting.Diagnostics | Request starting HTTP/2 GET https://localhost:7090/swagger/v1/swagger.json - - 
2025-03-05 14:38:17.8741 | Info | Microsoft.AspNetCore.Hosting.Diagnostics | Request finished HTTP/2 GET https://localhost:7090/swagger/v1/swagger.json - - - 200 - application/json;charset=utf-8 8.0735ms 
2025-03-05 14:39:28.6668 | Info | Microsoft.AspNetCore.Hosting.Diagnostics | Request starting HTTP/2 PUT https://localhost:7090/HelloGreeting/EditGreeting/7 application/json 41 
2025-03-05 14:39:28.7134 | Info | Microsoft.AspNetCore.Routing.EndpointMiddleware | Executing endpoint 'HelloGreetingApplication.Controllers.HelloGreetingController.EditGreeting (HelloGreetingApplication)' 
2025-03-05 14:39:28.7942 | Info | Microsoft.AspNetCore.Mvc.Infrastructure.ControllerActionInvoker | Route matched with {action = "EditGreeting", controller = "HelloGreeting"}. Executing controller action with signature Microsoft.AspNetCore.Mvc.IActionResult EditGreeting(Int32, ModelLayer.Model.GreetingModel) on controller HelloGreetingApplication.Controllers.HelloGreetingController (HelloGreetingApplication). 
2025-03-05 14:39:32.1294 | Info | HelloGreetingApplication.Controllers.HelloGreetingController | Logger has been integrated 
2025-03-05 14:39:34.3905 | Info | Microsoft.EntityFrameworkCore.Infrastructure | Entity Framework Core 6.0.36 initialized 'GreetingContext' using provider 'Microsoft.EntityFrameworkCore.SqlServer:6.0.36' with options: None 
2025-03-05 14:40:44.5440 | Info | Microsoft.Hosting.Lifetime | Now listening on: https://localhost:7090 
2025-03-05 14:40:44.5820 | Info | Microsoft.Hosting.Lifetime | Now listening on: http://localhost:5085 
2025-03-05 14:40:44.8935 | Info | Microsoft.Hosting.Lifetime | Application started. Press Ctrl+C to shut down. 
2025-03-05 14:40:44.8935 | Info | Microsoft.Hosting.Lifetime | Hosting environment: Development 
2025-03-05 14:40:44.8935 | Info | Microsoft.Hosting.Lifetime | Content root path: D:\clone\GreetingApp_2115001102\HelloGreetingApplication\ 
2025-03-05 14:40:45.1299 | Info | Microsoft.AspNetCore.Hosting.Diagnostics | Request starting HTTP/2 GET https://localhost:7090/swagger/index.html - - 
2025-03-05 14:40:45.5284 | Info | Microsoft.AspNetCore.Hosting.Diagnostics | Request finished HTTP/2 GET https://localhost:7090/swagger/index.html - - - 200 - text/html;charset=utf-8 400.4131ms 
2025-03-05 14:40:45.5373 | Info | Microsoft.AspNetCore.Hosting.Diagnostics | Request starting HTTP/2 GET https://localhost:7090/_vs/browserLink - - 
2025-03-05 14:40:45.5373 | Info | Microsoft.AspNetCore.Hosting.Diagnostics | Request starting HTTP/2 GET https://localhost:7090/_framework/aspnetcore-browser-refresh.js - - 
2025-03-05 14:40:45.5373 | Info | Microsoft.AspNetCore.Hosting.Diagnostics | Request starting HTTP/2 GET https://localhost:7090/swagger/index.js - - 
2025-03-05 14:40:45.5495 | Info | Microsoft.AspNetCore.Hosting.Diagnostics | Request finished HTTP/2 GET https://localhost:7090/swagger/index.js - - - 200 - application/javascript;charset=utf-8 8.7915ms 
2025-03-05 14:40:45.5665 | Info | Microsoft.AspNetCore.Hosting.Diagnostics | Request finished HTTP/2 GET https://localhost:7090/_framework/aspnetcore-browser-refresh.js - - - 200 12380 application/javascript;+charset=utf-8 27.1542ms 
2025-03-05 14:40:45.6402 | Info | Microsoft.AspNetCore.Hosting.Diagnostics | Request finished HTTP/2 GET https://localhost:7090/_vs/browserLink - - - 200 - text/javascript;+charset=UTF-8 102.8982ms 
2025-03-05 14:40:46.0343 | Info | Microsoft.AspNetCore.Hosting.Diagnostics | Request starting HTTP/2 GET https://localhost:7090/swagger/v1/swagger.json - - 
2025-03-05 14:40:46.0343 | Info | Microsoft.AspNetCore.Hosting.Diagnostics | Request finished HTTP/2 GET https://localhost:7090/swagger/v1/swagger.json - - - 200 - application/json;charset=utf-8 12.1560ms 
