2025-03-04 00:57:22.1208 | Info | Microsoft.Hosting.Lifetime | Now listening on: https://localhost:7090 
2025-03-04 00:57:22.1696 | Info | Microsoft.Hosting.Lifetime | Now listening on: http://localhost:5085 
2025-03-04 00:57:22.2428 | Info | Microsoft.Hosting.Lifetime | Application started. Press Ctrl+C to shut down. 
2025-03-04 00:57:22.2557 | Info | Microsoft.Hosting.Lifetime | Hosting environment: Development 
2025-03-04 00:57:22.2557 | Info | Microsoft.Hosting.Lifetime | Content root path: D:\clone\GreetingApp_2115001102\HelloGreetingApplication\ 
2025-03-04 00:57:22.6095 | Info | Microsoft.AspNetCore.Hosting.Diagnostics | Request starting HTTP/2 GET https://localhost:7090/swagger/index.html - - 
2025-03-04 00:57:22.9933 | Info | Microsoft.AspNetCore.Hosting.Diagnostics | Request finished HTTP/2 GET https://localhost:7090/swagger/index.html - - - 200 - text/html;charset=utf-8 378.8168ms 
2025-03-04 00:57:22.9933 | Info | Microsoft.AspNetCore.Hosting.Diagnostics | Request starting HTTP/2 GET https://localhost:7090/_vs/browserLink - - 
2025-03-04 00:57:22.9933 | Info | Microsoft.AspNetCore.Hosting.Diagnostics | Request starting HTTP/2 GET https://localhost:7090/swagger/index.js - - 
2025-03-04 00:57:22.9933 | Info | Microsoft.AspNetCore.Hosting.Diagnostics | Request starting HTTP/2 GET https://localhost:7090/_framework/aspnetcore-browser-refresh.js - - 
2025-03-04 00:57:23.0060 | Info | Microsoft.AspNetCore.Hosting.Diagnostics | Request finished HTTP/2 GET https://localhost:7090/swagger/index.js - - - 200 - application/javascript;charset=utf-8 9.3532ms 
2025-03-04 00:57:23.0060 | Info | Microsoft.AspNetCore.Hosting.Diagnostics | Request finished HTTP/2 GET https://localhost:7090/_framework/aspnetcore-browser-refresh.js - - - 200 12380 application/javascript;+charset=utf-8 12.8563ms 
2025-03-04 00:57:23.0714 | Info | Microsoft.AspNetCore.Hosting.Diagnostics | Request finished HTTP/2 GET https://localhost:7090/_vs/browserLink - - - 200 - text/javascript;+charset=UTF-8 74.8022ms 
2025-03-04 00:57:23.1159 | Info | Microsoft.AspNetCore.Hosting.Diagnostics | Request starting HTTP/2 GET https://localhost:7090/swagger/v1/swagger.json - - 
2025-03-04 00:57:23.1159 | Info | Microsoft.AspNetCore.Hosting.Diagnostics | Request finished HTTP/2 GET https://localhost:7090/swagger/v1/swagger.json - - - 200 - application/json;charset=utf-8 6.9226ms 
2025-03-04 00:57:39.0753 | Info | Microsoft.AspNetCore.Hosting.Diagnostics | Request starting HTTP/2 GET https://localhost:7090/HelloGreeting/GetGreeting?firstName=Abhinn - - 
2025-03-04 00:57:39.0827 | Info | Microsoft.AspNetCore.Routing.EndpointMiddleware | Executing endpoint 'HelloGreetingApplication.Controllers.HelloGreetingController.GetGreeting (HelloGreetingApplication)' 
2025-03-04 00:57:39.1244 | Info | Microsoft.AspNetCore.Mvc.Infrastructure.ControllerActionInvoker | Route matched with {action = "GetGreeting", controller = "HelloGreeting"}. Executing controller action with signature Microsoft.AspNetCore.Mvc.IActionResult GetGreeting(System.String, System.String) on controller HelloGreetingApplication.Controllers.HelloGreetingController (HelloGreetingApplication). 
2025-03-04 00:57:39.1293 | Info | HelloGreetingApplication.Controllers.HelloGreetingController | Logger has been integrated 
2025-03-04 00:57:39.1945 | Info | HelloGreetingApplication.Controllers.HelloGreetingController | Greeting Message: Hello Abhinn 
2025-03-04 00:57:39.1945 | Info | Microsoft.AspNetCore.Mvc.Infrastructure.ObjectResultExecutor | Executing OkObjectResult, writing value of type 'ModelLayer.Model.ResponseModel`1[[System.String, System.Private.CoreLib, Version=6.0.0.0, Culture=neutral, PublicKeyToken=7cec85d7bea7798e]]'. 
2025-03-04 00:57:39.2413 | Info | Microsoft.AspNetCore.Mvc.Infrastructure.ControllerActionInvoker | Executed action HelloGreetingApplication.Controllers.HelloGreetingController.GetGreeting (HelloGreetingApplication) in 78.157ms 
2025-03-04 00:57:39.2413 | Info | Microsoft.AspNetCore.Routing.EndpointMiddleware | Executed endpoint 'HelloGreetingApplication.Controllers.HelloGreetingController.GetGreeting (HelloGreetingApplication)' 
2025-03-04 00:57:39.2413 | Info | Microsoft.AspNetCore.Hosting.Diagnostics | Request finished HTTP/2 GET https://localhost:7090/HelloGreeting/GetGreeting?firstName=Abhinn - - - 200 - application/json;+charset=utf-8 166.7324ms 
2025-03-04 00:57:52.1044 | Info | Microsoft.AspNetCore.Hosting.Diagnostics | Request starting HTTP/2 GET https://localhost:7090/HelloGreeting/GetGreeting?firstName=Abhinn&lastName=Ahlawat - - 
2025-03-04 00:57:52.1044 | Info | Microsoft.AspNetCore.Routing.EndpointMiddleware | Executing endpoint 'HelloGreetingApplication.Controllers.HelloGreetingController.GetGreeting (HelloGreetingApplication)' 
2025-03-04 00:57:52.1044 | Info | Microsoft.AspNetCore.Mvc.Infrastructure.ControllerActionInvoker | Route matched with {action = "GetGreeting", controller = "HelloGreeting"}. Executing controller action with signature Microsoft.AspNetCore.Mvc.IActionResult GetGreeting(System.String, System.String) on controller HelloGreetingApplication.Controllers.HelloGreetingController (HelloGreetingApplication). 
2025-03-04 00:57:52.1044 | Info | HelloGreetingApplication.Controllers.HelloGreetingController | Logger has been integrated 
2025-03-04 00:57:52.1044 | Info | HelloGreetingApplication.Controllers.HelloGreetingController | Greeting Message: Hello Abhinn Ahlawat 
2025-03-04 00:57:52.1044 | Info | Microsoft.AspNetCore.Mvc.Infrastructure.ObjectResultExecutor | Executing OkObjectResult, writing value of type 'ModelLayer.Model.ResponseModel`1[[System.String, System.Private.CoreLib, Version=6.0.0.0, Culture=neutral, PublicKeyToken=7cec85d7bea7798e]]'. 
2025-03-04 00:57:52.1044 | Info | Microsoft.AspNetCore.Mvc.Infrastructure.ControllerActionInvoker | Executed action HelloGreetingApplication.Controllers.HelloGreetingController.GetGreeting (HelloGreetingApplication) in 1.1787ms 
2025-03-04 00:57:52.1044 | Info | Microsoft.AspNetCore.Routing.EndpointMiddleware | Executed endpoint 'HelloGreetingApplication.Controllers.HelloGreetingController.GetGreeting (HelloGreetingApplication)' 
2025-03-04 00:57:52.1044 | Info | Microsoft.AspNetCore.Hosting.Diagnostics | Request finished HTTP/2 GET https://localhost:7090/HelloGreeting/GetGreeting?firstName=Abhinn&lastName=Ahlawat - - - 200 - application/json;+charset=utf-8 2.6565ms 
